make all --print-data-base --no-builtin-variables --no-builtin-rules --question
# GNU Make 4.3
# Built for x86_64-pc-linux-gnu
# Copyright (C) 1988-2020 Free Software Foundation, Inc.
# License GPLv3+: GNU GPL version 3 or later <http://gnu.org/licenses/gpl.html>
# This is free software: you are free to change and redistribute it.
# There is NO WARRANTY, to the extent permitted by law.

# Make data base, printed on Tue Jul 12 18:30:30 2022

# Variables

# makefile (from 'Makefile', line 13)
OBJ := build/DataStore.o build/MessageQueue.o build/MessageQueueConcurrent.o build/PtConfig.o build/PtMain.o build/PtMonitorControl.o build/PtMonitorModel.o build/PtMonitorView.o build/RemoteConnection.o build/TypeDefinitions.o
# environment
GDK_BACKEND = x11
# environment
LC_ALL = C
# makefile (from 'Makefile', line 12)
SRC := src/DataStore.cpp src/MessageQueue.cpp src/MessageQueueConcurrent.cpp src/PtConfig.cpp src/PtMain.cpp src/PtMonitorControl.cpp src/PtMonitorModel.cpp src/PtMonitorView.cpp src/RemoteConnection.cpp src/TypeDefinitions.cpp
# environment
GNOME_SHELL_SESSION_MODE = ubuntu
# environment
SSH_AGENT_LAUNCHER = gnome-keyring
# environment
GJS_DEBUG_OUTPUT = stderr
# environment
VSCODE_CWD = /home/agostino
# makefile (from 'Makefile', line 19)
LIBS = -lslope -lm -lrt 
# default
MAKE_COMMAND := make
# environment
QT_ACCESSIBILITY = 1
# automatic
@D = $(patsubst %/,%,$(dir $@))
# environment
VSCODE_HANDLES_UNCAUGHT_ERRORS = true
# default
.VARIABLES := 
# environment
PWD = /home/agostino/Scrivania/progetto_es
# automatic
%D = $(patsubst %/,%,$(dir $%))
# environment
XDG_DATA_DIRS = /usr/share/ubuntu:/usr/local/share/:/usr/share/:/var/lib/snapd/desktop
 
# automatic
^D = $(patsubst %/,%,$(dir $^))
# automatic
%F = $(notdir $%)
# environment
VSCODE_CODE_CACHE_PATH = /home/agostino/.config/Code/CachedData/92d25e35d9bf1a6b16f7d0758f25d48ace11e5b9
# environment
LANG = C
# environment
XAUTHORITY = /run/user/1000/.mutter-Xwaylandauth.IBMXO1
# default
.LOADED := 
# default
.INCLUDE_DIRS = /usr/local/include /usr/include /usr/include
# makefile
MAKEFLAGS = pqrR
# makefile (from 'Makefile', line 4)
TARGETDIR := bin
# makefile
CURDIR := /home/agostino/Scrivania/progetto_es
# environment
APPLICATION_INSIGHTS_NO_DIAGNOSTIC_CHANNEL = true
# environment
LESSOPEN = | /usr/bin/lesspipe %s
# automatic
*D = $(patsubst %/,%,$(dir $*))
# environment
MFLAGS = -pqrR
# environment
SSH_AUTH_SOCK = /run/user/1000/keyring/ssh
# default
.SHELLFLAGS := -c
# environment
WAYLAND_DISPLAY = wayland-0
# environment
XDG_CONFIG_DIRS = /etc/xdg/xdg-ubuntu:/etc/xdg
# automatic
+D = $(patsubst %/,%,$(dir $+))
# environment
XDG_SESSION_DESKTOP = ubuntu
# makefile (from 'Makefile', line 1)
MAKEFILE_LIST := Makefile
# automatic
@F = $(notdir $@)
# environment
VSCODE_PID = 3441
# environment
XDG_SESSION_TYPE = wayland
# automatic
?D = $(patsubst %/,%,$(dir $?))
# environment
SESSION_MANAGER = local/agostino-VirtualBox:@/tmp/.ICE-unix/2241,unix/agostino-VirtualBox:/tmp/.ICE-unix/2241
# automatic
*F = $(notdir $*)
# environment
CHROME_DESKTOP = code-url-handler.desktop
# environment
DBUS_SESSION_BUS_ADDRESS = unix:path=/run/user/1000/bus
# automatic
<D = $(patsubst %/,%,$(dir $<))
# environment
VSCODE_NLS_CONFIG = {"locale":"it","availableLanguages":{},"_languagePackSupport":true}
# makefile (from 'Makefile', line 14)
INCLUDE := include/DataStore.h include/MessageQueue.h include/MessageQueueConcurrent.h include/PtConfig.h include/PtMonitorControl.h include/PtMonitorModel.h include/PtMonitorView.h include/RemoteConnection.h include/TypeDefinitions.h
# default
MAKE_HOST := x86_64-pc-linux-gnu
# environment
GNOME_DESKTOP_SESSION_ID = this-is-deprecated
# makefile
SHELL = /bin/sh
# default
MAKECMDGOALS := all
# environment
XMODIFIERS = @im=ibus
# environment
GJS_DEBUG_TOPICS = JS ERROR;JS LOG
# environment
SHLVL = 0
# environment
MAKELEVEL := 0
# environment
IM_CONFIG_CHECK_ENV = 1
# default
MAKE = $(MAKE_COMMAND)
# environment
PATH = /home/agostino/.local/bin:/home/agostino/.local/bin:/usr/local/sbin:/usr/local/bin:/usr/sbin:/usr/bin:/sbin:/bin:/usr/games:/usr/local/games:/snap/bin:/snap/bin
# default
MAKEFILES := 
# automatic
^F = $(notdir $^)
# environment
INVOCATION_ID = 7cd50550aa614e799a6b99e44bb7fffb
# environment
USERNAME = agostino
# environment
GNOME_SETUP_DISPLAY = :1
# environment
LESSCLOSE = /usr/bin/lesspipe %s %s
# automatic
?F = $(notdir $?)
# environment
XDG_CURRENT_DESKTOP = Unity
# makefile (from 'Makefile', line 5)
INCLUDEDIR := include
# environment
LS_COLORS = 
# automatic
+F = $(notdir $+)
# environment
DESKTOP_SESSION = ubuntu
# environment
ORIGINAL_XDG_CURRENT_DESKTOP = ubuntu:GNOME
# 'override' directive
GNUMAKEFLAGS := 
# environment
LOGNAME = agostino
# environment
GIO_LAUNCHED_DESKTOP_FILE = /usr/share/applications/code.desktop
# makefile
.DEFAULT_GOAL := all
# environment
DISPLAY = :0
# environment
USER = agostino
# environment
GTK_MODULES = gail:atk-bridge
# default
MAKE_VERSION := 4.3
# environment
MANAGERPID = 2093
# environment
GIO_LAUNCHED_DESKTOP_FILE_PID = 3441
# environment
_ = /usr/share/code/code
# environment
XDG_RUNTIME_DIR = /run/user/1000
# makefile (from 'Makefile', line 17)
CFLAGS := `pkg-config --cflags --libs gtk+-3.0 glib-2.0 gthread-2.0` -rdynamic -std=c++17  -Iinclude
# environment
JOURNAL_STREAM = 8:28930
# environment
XDG_SESSION_CLASS = user
# environment
VSCODE_AMD_ENTRYPOINT = vs/workbench/api/node/extensionHostProcess
# environment
HOME = /home/agostino
# environment
QT_IM_MODULE = ibus
# environment
ELECTRON_RUN_AS_NODE = 1
# environment
VSCODE_IPC_HOOK = /run/user/1000/vscode-a42d656d-1.69.0-main.sock
# makefile (from 'Makefile', line 2)
SRCDIR := src
# environment
IM_CONFIG_PHASE = 1
# default
.RECIPEPREFIX := 
# automatic
<F = $(notdir $<)
# default
SUFFIXES := 
# makefile (from 'Makefile', line 8)
TARGET := ptmonitor
# default
.FEATURES := target-specific order-only second-expansion else-if shortest-stem undefine oneshell nocomment grouped-target extra-prereqs archives jobserver output-sync check-symlink load
# makefile (from 'Makefile', line 10)
CC := g++
# makefile (from 'Makefile', line 3)
BUILDDIR := build
# environment
XDG_MENU_PREFIX = gnome-
# environment
GDMSESSION = ubuntu
# variable set hash-table stats:
# Load=104/1024=10%, Rehash=0, Collisions=4/152=3%

# Pattern-specific Variable Values

# No pattern-specific variable values.

# Directories

# include (device 2051, inode 1341793): 11 files, no impossibilities.
# src (device 2051, inode 1341791): 12 files, no impossibilities.
# . (device 2051, inode 1340914): 19 files, no impossibilities.

# 42 files, no impossibilities in 3 directories.

# Implicit Rules

# No implicit rules.

# Files

build/PtMain.o: src/PtMain.cpp include/DataStore.h include/MessageQueue.h include/MessageQueueConcurrent.h include/PtConfig.h include/PtMonitorControl.h include/PtMonitorModel.h include/PtMonitorView.h include/RemoteConnection.h include/TypeDefinitions.h
#  Implicit rule search has not been done.
#  Implicit/static pattern stem: 'PtMain'
#  Modification time never checked.
#  File has not been updated.
#  recipe to execute (from 'Makefile', line 27):
	$(CC) -o $@ -c $< $(CFLAGS)

serverUDP: serverUDP.cpp
#  Implicit rule search has not been done.
#  Modification time never checked.
#  File has not been updated.
#  recipe to execute (from 'Makefile', line 30):
	g++ -o $(TARGETDIR)/serverUDP serverUDP.cpp

build/PtMonitorView.o: src/PtMonitorView.cpp include/DataStore.h include/MessageQueue.h include/MessageQueueConcurrent.h include/PtConfig.h include/PtMonitorControl.h include/PtMonitorModel.h include/PtMonitorView.h include/RemoteConnection.h include/TypeDefinitions.h
#  Implicit rule search has not been done.
#  Implicit/static pattern stem: 'PtMonitorView'
#  Modification time never checked.
#  File has not been updated.
#  recipe to execute (from 'Makefile', line 27):
	$(CC) -o $@ -c $< $(CFLAGS)

# Not a target:
src/MessageQueueConcurrent.cpp:
#  Implicit rule search has not been done.
#  Modification time never checked.
#  File has not been updated.

# Not a target:
Makefile:
#  Implicit rule search has been done.
#  Last modified 2022-07-12 18:29:53.864138621
#  File has been updated.
#  Successfully updated.

 
build/MessageQueue.o: src/MessageQueue.cpp include/DataStore.h include/MessageQueue.h include/MessageQueueConcurrent.h include/PtConfig.h include/PtMonitorControl.h include/PtMonitorModel.h include/PtMonitorView.h include/RemoteConnection.h include/TypeDefinitions.h
#  Implicit rule search has not been done.
#  Implicit/static pattern stem: 'MessageQueue'
#  Modification time never checked.
#  File has not been updated.
#  recipe to execute (from 'Makefile', line 27):
	$(CC) -o $@ -c $< $(CFLAGS)

build/PtMonitorModel.o: src/PtMonitorModel.cpp include/DataStore.h include/MessageQueue.h include/MessageQueueConcurrent.h include/PtConfig.h include/PtMonitorControl.h include/PtMonitorModel.h include/PtMonitorView.h include/RemoteConnection.h include/TypeDefinitions.h
#  Implicit rule search has not been done.
#  Implicit/static pattern stem: 'PtMonitorModel'
#  Modification time never checked.
#  File has not been updated.
#  recipe to execute (from 'Makefile', line 27):
	$(CC) -o $@ -c $< $(CFLAGS)

# Not a target:
include/TypeDefinitions.h:
#  Implicit rule search has not been done.
#  Modification time never checked.
#  File has not been updated.

print:
#  Phony target (prerequisite of .PHONY).
#  Implicit rule search has not been done.
#  File does not exist.
#  File has not been updated.
#  recipe to execute (from 'Makefile', line 46):
	@echo $(OBJ)

# Not a target:
include/DataStore.h:
#  Implicit rule search has not been done.
#  Modification time never checked.
#  File has not been updated.

# Not a target:
serverUDP.cpp:
#  Implicit rule search has not been done.
#  Modification time never checked.
#  File has not been updated.

# Not a target:
src/PtMonitorModel.cpp:
#  Implicit rule search has not been done.
#  Modification time never checked.
#  File has not been updated.

build/PtConfig.o: src/PtConfig.cpp include/DataStore.h include/MessageQueue.h include/MessageQueueConcurrent.h include/PtConfig.h include/PtMonitorControl.h include/PtMonitorModel.h include/PtMonitorView.h include/RemoteConnection.h include/TypeDefinitions.h
#  Implicit rule search has not been done.
#  Implicit/static pattern stem: 'PtConfig'
#  Modification time never checked.
#  File has not been updated.
#  recipe to execute (from 'Makefile', line 27):
	$(CC) -o $@ -c $< $(CFLAGS)

clean:
#  Phony target (prerequisite of .PHONY).
#  Implicit rule search has not been done.
#  File does not exist.
#  File has not been updated.
#  recipe to execute (from 'Makefile', line 39):
	rm $(BUILDDIR)/*.o
	rm $(TARGETDIR)/$(TARGET)
	rm $(TARGETDIR)/serverUDP
	rmdir bin
	rmdir build

build/RemoteConnection.o: src/RemoteConnection.cpp include/DataStore.h include/MessageQueue.h include/MessageQueueConcurrent.h include/PtConfig.h include/PtMonitorControl.h include/PtMonitorModel.h include/PtMonitorView.h include/RemoteConnection.h include/TypeDefinitions.h
#  Implicit rule search has not been done.
#  Implicit/static pattern stem: 'RemoteConnection'
#  Modification time never checked.
#  File has not been updated.
#  recipe to execute (from 'Makefile', line 27):
	$(CC) -o $@ -c $< $(CFLAGS)

# Not a target:
src/RemoteConnection.cpp:
#  Implicit rule search has not been done.
#  Modification time never checked.
#  File has not been updated.

build/DataStore.o: src/DataStore.cpp include/DataStore.h include/MessageQueue.h include/MessageQueueConcurrent.h include/PtConfig.h include/PtMonitorControl.h include/PtMonitorModel.h include/PtMonitorView.h include/RemoteConnection.h include/TypeDefinitions.h
#  Implicit rule search has not been done.
#  Implicit/static pattern stem: 'DataStore'
#  Modification time never checked.
#  File has not been updated.
#  recipe to execute (from 'Makefile', line 27):
	$(CC) -o $@ -c $< $(CFLAGS)

# Not a target:
src/PtMonitorControl.cpp:
#  Implicit rule search has not been done.
#  Modification time never checked.
#  File has not been updated.

# Not a target:
src/PtConfig.cpp:
#  Implicit rule search has not been done.
#  Modification time never checked.
#  File has not been updated.

ptmonitor: build/DataStore.o build/MessageQueue.o build/MessageQueueConcurrent.o build/PtConfig.o build/PtMain.o build/PtMonitorControl.o build/PtMonitorModel.o build/PtMonitorView.o build/RemoteConnection.o build/TypeDefinitions.o
#  Implicit rule search has not been done.
#  Modification time never checked.
#  File has not been updated.
#  recipe to execute (from 'Makefile', line 24):
	$(CC) -o $(TARGETDIR)/$@ $^ $(CFLAGS) $(LIBS)

# Not a target:
.DEFAULT:
#  Implicit rule search has not been done.
#  Modification time never checked.
#  File has not been updated.

# Not a target:
include/PtConfig.h:
#  Implicit rule search has not been done.
#  Modification time never checked.
#  File has not been updated.

# Not a target:
src/PtMonitorView.cpp:
#  Implicit rule search has not been done.
#  Modification time never checked.
#  File has not been updated.

all: directories ptmonitor serverUDP
#  Phony target (prerequisite of .PHONY).
#  Command line target.
#  Implicit rule search has not been done.
#  File does not exist.
#  File has been updated.
#  Needs to be updated (-q is set).
# variable set hash-table stats:
# Load=0/32=0%, Rehash=0, Collisions=0/3=0%

# Not a target:
src/MessageQueue.cpp:
#  Implicit rule search has not been done.
#  Modification time never checked.
#  File has not been updated.

# Not a target:
include/RemoteConnection.h:
#  Implicit rule search has not been done.
#  Modification time never checked.
#  File has not been updated.

# Not a target:
include/MessageQueue.h:
#  Implicit rule search has not been done.
#  Modification time never checked.
#  File has not been updated.

# Not a target:
src/TypeDefinitions.cpp:
#  Implicit rule search has not been done.
#  Modification time never checked.
#  File has not been updated.

# Not a target:
include/PtMonitorView.h:
#  Implicit rule search has not been done.
#  Modification time never checked.
#  File has not been updated.

# Not a target:
src/PtMain.cpp:
#  Implicit rule search has not been done.
#  Modification time never checked.
#  File has not been updated.

# Not a target:
src/DataStore.cpp:
#  Implicit rule search has not been done.
#  Modification time never checked.
#  File has not been updated.

# Not a target:
include/MessageQueueConcurrent.h:
#  Implicit rule search has not been done.
#  Modification time never checked.
#  File has not been updated.

build/MessageQueueConcurrent.o: src/MessageQueueConcurrent.cpp include/DataStore.h include/MessageQueue.h include/MessageQueueConcurrent.h include/PtConfig.h include/PtMonitorControl.h include/PtMonitorModel.h include/PtMonitorView.h include/RemoteConnection.h include/TypeDefinitions.h
#  Implicit rule search has not been done.
#  Implicit/static pattern stem: 'MessageQueueConcurrent'
 
#  Modification time never checked.
#  File has not been updated.
#  recipe to execute (from 'Makefile', line 27):
	$(CC) -o $@ -c $< $(CFLAGS)

directories:
#  Phony target (prerequisite of .PHONY).
#  Implicit rule search has not been done.
#  Implicit/static pattern stem: ''
#  File does not exist.
#  File has been updated.
#  Needs to be updated (-q is set).
# automatic
# @ := directories
# automatic
# * := 
# automatic
# < := 
# automatic
# + := 
# automatic
# % := 
# automatic
# ^ := 
# automatic
# ? := 
# automatic
# | := 
# variable set hash-table stats:
# Load=8/32=25%, Rehash=0, Collisions=1/11=9%
#  recipe to execute (from 'Makefile', line 35):
	@mkdir -p build
	@mkdir -p bin

build/TypeDefinitions.o: src/TypeDefinitions.cpp include/DataStore.h include/MessageQueue.h include/MessageQueueConcurrent.h include/PtConfig.h include/PtMonitorControl.h include/PtMonitorModel.h include/PtMonitorView.h include/RemoteConnection.h include/TypeDefinitions.h
#  Implicit rule search has not been done.
#  Implicit/static pattern stem: 'TypeDefinitions'
#  Modification time never checked.
#  File has not been updated.
#  recipe to execute (from 'Makefile', line 27):
	$(CC) -o $@ -c $< $(CFLAGS)

build/PtMonitorControl.o: src/PtMonitorControl.cpp include/DataStore.h include/MessageQueue.h include/MessageQueueConcurrent.h include/PtConfig.h include/PtMonitorControl.h include/PtMonitorModel.h include/PtMonitorView.h include/RemoteConnection.h include/TypeDefinitions.h
#  Implicit rule search has not been done.
#  Implicit/static pattern stem: 'PtMonitorControl'
#  Modification time never checked.
#  File has not been updated.
#  recipe to execute (from 'Makefile', line 27):
	$(CC) -o $@ -c $< $(CFLAGS)

# Not a target:
.SUFFIXES:
#  Implicit rule search has not been done.
#  Modification time never checked.
#  File has not been updated.

# Not a target:
include/PtMonitorControl.h:
#  Implicit rule search has not been done.
#  Modification time never checked.
#  File has not been updated.

.PHONY: clean all directories print
#  Implicit rule search has not been done.
#  Modification time never checked.
#  File has not been updated.

# Not a target:
include/PtMonitorModel.h:
#  Implicit rule search has not been done.
#  Modification time never checked.
#  File has not been updated.

# files hash-table stats:
# Load=40/1024=4%, Rehash=0, Collisions=0/185=0%
# VPATH Search Paths

# No 'vpath' search paths.

# No general ('VPATH' variable) search path.

# strcache buffers: 1 (0) / strings = 90 / storage = 1461 B / avg = 16 B
# current buf: size = 8162 B / used = 1461 B / count = 90 / avg = 16 B

# strcache performance: lookups = 137 / hit rate = 34%
# hash-table stats:
# Load=90/8192=1%, Rehash=0, Collisions=1/137=1%
# Finished Make data base on Tue Jul 12 18:30:30 2022

 
